# JRE version: Java(TM) SE Runtime Environment (21.0.5+9) (build 21.0.5+9-LTS-239)
# Java VM: Java HotSpot(TM) 64-Bit Server VM (21.0.5+9-LTS-239, mixed mode, sharing, tiered, compressed class ptrs, z gc, windows-amd64)
GC Precious Log:
 NUMA Support: Disabled
 CPUs: 12 total, 12 available
 Memory: 16092M
 Large Page Support: Disabled
 GC Workers: 3 (dynamic)
 Address Space Type: Contiguous/Unrestricted/Complete
 Address Space Size: 32768M x 3 = 98304M
 Min Capacity: 100M
 Initial Capacity: 100M
 Max Capacity: 2048M
 Medium Page Size: 32M
 Pre-touch: Disabled
 Uncommit: Enabled
 Uncommit Delay: 30s
 Runtime Workers: 8
 Forced to lower max Java heap size from 2048M(100%) to 1772M(87%)
 Forced to lower max Java heap size from 1772M(87%) to 1770M(86%)
 Forced to lower max Java heap size from 1770M(86%) to 1768M(86%)
 Forced to lower max Java heap size from 1768M(86%) to 1766M(86%)
Heap:
 ZHeap           used 1020M, capacity 1766M, max capacity 2048M
 Metaspace       used 112495K, committed 113280K, reserved 1179648K
  class space    used 13618K, committed 13952K, reserved 1048576K
GC Heap History (13 events):
Event: 4.031 GC heap before
{Heap before GC invocations=0 (full 0):
 ZHeap           used 116M, capacity 116M, max capacity 2048M
 Metaspace       used 21337K, committed 21568K, reserved 1114112K
  class space    used 2368K, committed 2432K, reserved 1048576K
}
Event: 4.081 GC heap after
{Heap after GC invocations=1 (full 1):
 ZHeap           used 56M, capacity 128M, max capacity 2048M
 Metaspace       used 21803K, committed 22016K, reserved 1114112K
  class space    used 2424K, committed 2496K, reserved 1048576K
}
Event: 5.670 GC heap before
{Heap before GC invocations=1 (full 1):
 ZHeap           used 114M, capacity 128M, max capacity 2048M
 Metaspace       used 36390K, committed 36800K, reserved 1114112K
  class space    used 4291K, committed 4480K, reserved 1048576K
}
Event: 5.720 GC heap after
{Heap after GC invocations=2 (full 2):
 ZHeap           used 94M, capacity 162M, max capacity 2048M
 Metaspace       used 36980K, committed 37312K, reserved 1114112K
  class space    used 4353K, committed 4480K, reserved 1048576K
}
Event: 8.280 GC heap before
{Heap before GC invocations=2 (full 2):
 ZHeap           used 208M, capacity 208M, max capacity 2048M
 Metaspace       used 60597K, committed 61120K, reserved 1114112K
  class space    used 7057K, committed 7296K, reserved 1048576K
}
Event: 8.347 GC heap after
{Heap after GC invocations=3 (full 3):
 ZHeap           used 84M, capacity 262M, max capacity 2048M
 Metaspace       used 60682K, committed 61184K, reserved 1114112K
  class space    used 7061K, committed 7296K, reserved 1048576K
}
Event: 13.380 GC heap before
{Heap before GC invocations=3 (full 3):
 ZHeap           used 130M, capacity 262M, max capacity 2048M
 Metaspace       used 60853K, committed 61376K, reserved 1114112K
  class space    used 7063K, committed 7296K, reserved 1048576K
}
Event: 13.413 GC heap after
{Heap after GC invocations=4 (full 4):
 ZHeap           used 64M, capacity 262M, max capacity 2048M
 Metaspace       used 60853K, committed 61376K, reserved 1114112K
  class space    used 7063K, committed 7296K, reserved 1048576K
}
Event: 15.780 GC heap before
{Heap before GC invocations=4 (full 4):
 ZHeap           used 416M, capacity 416M, max capacity 2048M
 Metaspace       used 86600K, committed 87168K, reserved 1179648K
  class space    used 10309K, committed 10560K, reserved 1048576K
}
Event: 15.869 GC heap after
{Heap after GC invocations=5 (full 5):
 ZHeap           used 142M, capacity 498M, max capacity 2048M
 Metaspace       used 87584K, committed 88128K, reserved 1179648K
  class space    used 10437K, committed 10688K, reserved 1048576K
}
Event: 16.881 GC heap before
{Heap before GC invocations=5 (full 5):
 ZHeap           used 646M, capacity 646M, max capacity 2048M
 Metaspace       used 100387K, committed 101056K, reserved 1179648K
  class space    used 12050K, committed 12352K, reserved 1048576K
}
Event: 16.992 GC heap after
{Heap after GC invocations=6 (full 6):
 ZHeap           used 170M, capacity 790M, max capacity 2048M
 Metaspace       used 101214K, committed 101952K, reserved 1179648K
  class space    used 12160K, committed 12480K, reserved 1048576K
}
Event: 20.980 GC heap before
{Heap before GC invocations=6 (full 6):
 ZHeap           used 1740M, capacity 1740M, max capacity 2048M
 Metaspace       used 112206K, committed 112960K, reserved 1179648K
  class space    used 13571K, committed 13952K, reserved 1048576K
}

