# JRE version: Java(TM) SE Runtime Environment (21.0.5+9) (build 21.0.5+9-LTS-239)
# Java VM: Java HotSpot(TM) 64-Bit Server VM (21.0.5+9-LTS-239, mixed mode, sharing, tiered, compressed class ptrs, z gc, windows-amd64)
GC Precious Log:
 NUMA Support: Disabled
 CPUs: 12 total, 12 available
 Memory: 16092M
 Large Page Support: Disabled
 GC Workers: 3 (dynamic)
 Address Space Type: Contiguous/Unrestricted/Complete
 Address Space Size: 32768M x 3 = 98304M
 Min Capacity: 100M
 Initial Capacity: 100M
 Max Capacity: 2048M
 Medium Page Size: 32M
 Pre-touch: Disabled
 Uncommit: Enabled
 Uncommit Delay: 30s
 Runtime Workers: 8
Heap:
 ZHeap           used 456M, capacity 474M, max capacity 2048M
 Metaspace       used 87610K, committed 88256K, reserved 1179648K
  class space    used 10690K, committed 10944K, reserved 1048576K
GC Heap History (10 events):
Event: 4.485 GC heap before
{Heap before GC invocations=0 (full 0):
 ZHeap           used 112M, capacity 112M, max capacity 2048M
 Metaspace       used 21343K, committed 21568K, reserved 1114112K
  class space    used 2368K, committed 2432K, reserved 1048576K
}
Event: 4.542 GC heap after
{Heap after GC invocations=1 (full 1):
 ZHeap           used 58M, capacity 126M, max capacity 2048M
 Metaspace       used 21648K, committed 21888K, reserved 1114112K
  class space    used 2413K, committed 2496K, reserved 1048576K
}
Event: 6.497 GC heap before
{Heap before GC invocations=1 (full 1):
 ZHeap           used 118M, capacity 126M, max capacity 2048M
 Metaspace       used 36124K, committed 36480K, reserved 1114112K
  class space    used 4276K, committed 4416K, reserved 1048576K
}
Event: 6.547 GC heap after
{Heap after GC invocations=2 (full 2):
 ZHeap           used 58M, capacity 130M, max capacity 2048M
 Metaspace       used 36187K, committed 36480K, reserved 1114112K
  class space    used 4286K, committed 4416K, reserved 1048576K
}
Event: 11.573 GC heap before
{Heap before GC invocations=2 (full 2):
 ZHeap           used 182M, capacity 182M, max capacity 2048M
 Metaspace       used 54236K, committed 54784K, reserved 1114112K
  class space    used 6397K, committed 6656K, reserved 1048576K
}
Event: 11.624 GC heap after
{Heap after GC invocations=3 (full 3):
 ZHeap           used 74M, capacity 234M, max capacity 2048M
 Metaspace       used 54300K, committed 54848K, reserved 1114112K
  class space    used 6407K, committed 6656K, reserved 1048576K
}
Event: 12.673 GC heap before
{Heap before GC invocations=3 (full 3):
 ZHeap           used 220M, capacity 234M, max capacity 2048M
 Metaspace       used 66685K, committed 67264K, reserved 1114112K
  class space    used 8015K, committed 8256K, reserved 1048576K
}
Event: 12.794 GC heap after
{Heap after GC invocations=4 (full 4):
 ZHeap           used 124M, capacity 310M, max capacity 2048M
 Metaspace       used 67161K, committed 67776K, reserved 1114112K
  class space    used 8058K, committed 8320K, reserved 1048576K
}
Event: 13.773 GC heap before
{Heap before GC invocations=4 (full 4):
 ZHeap           used 422M, capacity 422M, max capacity 2048M
 Metaspace       used 81502K, committed 82112K, reserved 1179648K
  class space    used 9802K, committed 10048K, reserved 1048576K
}
Event: 13.854 GC heap after
{Heap after GC invocations=5 (full 5):
 ZHeap           used 104M, capacity 474M, max capacity 2048M
 Metaspace       used 82517K, committed 83136K, reserved 1179648K
  class space    used 9978K, committed 10240K, reserved 1048576K
}

