# JRE version: Java(TM) SE Runtime Environment (21.0.5+9) (build 21.0.5+9-LTS-239)
# Java VM: Java HotSpot(TM) 64-Bit Server VM (21.0.5+9-LTS-239, mixed mode, sharing, tiered, compressed class ptrs, z gc, windows-amd64)
GC Precious Log:
 NUMA Support: Disabled
 CPUs: 12 total, 12 available
 Memory: 16092M
 Large Page Support: Disabled
 GC Workers: 3 (dynamic)
 Address Space Type: Contiguous/Unrestricted/Complete
 Address Space Size: 32768M x 3 = 98304M
 Min Capacity: 100M
 Initial Capacity: 100M
 Max Capacity: 2048M
 Medium Page Size: 32M
 Pre-touch: Disabled
 Uncommit: Enabled
 Uncommit Delay: 30s
 Runtime Workers: 8
Heap:
 ZHeap           used 366M, capacity 724M, max capacity 2048M
 Metaspace       used 107168K, committed 107904K, reserved 1179648K
  class space    used 13053K, committed 13376K, reserved 1048576K
GC Heap History (10 events):
Event: 3.236 GC heap before
{Heap before GC invocations=0 (full 0):
 ZHeap           used 114M, capacity 114M, max capacity 2048M
 Metaspace       used 21340K, committed 21568K, reserved 1114112K
  class space    used 2368K, committed 2432K, reserved 1048576K
}
Event: 3.280 GC heap after
{Heap after GC invocations=1 (full 1):
 ZHeap           used 60M, capacity 130M, max capacity 2048M
 Metaspace       used 21616K, committed 21824K, reserved 1114112K
  class space    used 2412K, committed 2496K, reserved 1048576K
}
Event: 5.221 GC heap before
{Heap before GC invocations=1 (full 1):
 ZHeap           used 114M, capacity 130M, max capacity 2048M
 Metaspace       used 35989K, committed 36352K, reserved 1114112K
  class space    used 4264K, committed 4416K, reserved 1048576K
}
Event: 5.275 GC heap after
{Heap after GC invocations=2 (full 2):
 ZHeap           used 56M, capacity 130M, max capacity 2048M
 Metaspace       used 36069K, committed 36416K, reserved 1114112K
  class space    used 4268K, committed 4416K, reserved 1048576K
}
Event: 8.769 GC heap before
{Heap before GC invocations=2 (full 2):
 ZHeap           used 210M, capacity 210M, max capacity 2048M
 Metaspace       used 59964K, committed 60480K, reserved 1114112K
  class space    used 7180K, committed 7424K, reserved 1048576K
}
Event: 8.853 GC heap after
{Heap after GC invocations=3 (full 3):
 ZHeap           used 80M, capacity 256M, max capacity 2048M
 Metaspace       used 60376K, committed 60928K, reserved 1114112K
  class space    used 7292K, committed 7552K, reserved 1048576K
}
Event: 10.669 GC heap before
{Heap before GC invocations=3 (full 3):
 ZHeap           used 422M, capacity 422M, max capacity 2048M
 Metaspace       used 81902K, committed 82496K, reserved 1179648K
  class space    used 9838K, committed 10048K, reserved 1048576K
}
Event: 10.818 GC heap after
{Heap after GC invocations=4 (full 4):
 ZHeap           used 130M, capacity 508M, max capacity 2048M
 Metaspace       used 82777K, committed 83456K, reserved 1179648K
  class space    used 9961K, committed 10240K, reserved 1048576K
}
Event: 12.869 GC heap before
{Heap before GC invocations=4 (full 4):
 ZHeap           used 630M, capacity 630M, max capacity 2048M
 Metaspace       used 102773K, committed 103488K, reserved 1179648K
  class space    used 12410K, committed 12736K, reserved 1048576K
}
Event: 13.018 GC heap after
{Heap after GC invocations=5 (full 5):
 ZHeap           used 152M, capacity 724M, max capacity 2048M
 Metaspace       used 103405K, committed 104128K, reserved 1179648K
  class space    used 12526K, committed 12864K, reserved 1048576K
}

